<?xml version="1.0" encoding="UTF-8"?>
<!-- Generated by org.testng.reporters.JUnitXMLReporter -->
<testsuite hostname="Jim" name="Test02" tests="4" failures="0" timestamp="26 May 2018 05:41:11 GMT" time="56.733" errors="0">
  <testcase name="ForgotPassword" time="1.032" classname="com.qa.Tests.PHPLoginTest"/>
  <testcase name="login" time="2.113" classname="com.qa.Tests.PHPLoginTest"/>
  <testcase name="ProductAdOns" time="3.736" classname="com.qa.Tests.PHPHomePageTest"/>
  <testcase name="OrderNewServices" time="8.417" classname="com.qa.Tests.PHPHomePageTest"/>
</testsuite> <!-- Test02 -->
