<?xml version="1.0" encoding="UTF-8"?>
<testng-results skipped="1" failed="0" ignored="0" total="2" passed="1">
  <reporter-output>
    <line>
      <![CDATA[CDwindow-AB6093C85B4669D6784A9170F2162C25]]>
    </line>
  </reporter-output>
  <suite name="My suite" duration-ms="14099" started-at="2018-06-02T06:07:44Z" finished-at="2018-06-02T06:07:59Z">
    <groups>
    </groups>
    <test name="Test" duration-ms="14099" started-at="2018-06-02T06:07:44Z" finished-at="2018-06-02T06:07:59Z">
      <class name="com.qa.Tests.PHPLoginTest">
        <test-method status="PASS" signature="setUp()[pri:0, instance:com.qa.Tests.PHPLoginTest@64617029]" name="setUp" is-config="true" duration-ms="11209" started-at="2018-06-02T11:37:44Z" finished-at="2018-06-02T11:37:56Z">
          <reporter-output>
          </reporter-output>
        </test-method> <!-- setUp -->
        <test-method status="PASS" signature="ForgotPassword()[pri:1, instance:com.qa.Tests.PHPLoginTest@64617029]" name="ForgotPassword" duration-ms="1123" started-at="2018-06-02T11:37:56Z" description="This TC is to  Forgot Password" finished-at="2018-06-02T11:37:57Z">
          <reporter-output>
          </reporter-output>
        </test-method> <!-- ForgotPassword -->
        <test-method status="PASS" signature="WindUp()[pri:0, instance:com.qa.Tests.PHPLoginTest@64617029]" name="WindUp" is-config="true" duration-ms="1705" started-at="2018-06-02T11:37:57Z" finished-at="2018-06-02T11:37:59Z">
          <reporter-output>
            <line>
              <![CDATA[CDwindow-AB6093C85B4669D6784A9170F2162C25]]>
            </line>
          </reporter-output>
        </test-method> <!-- WindUp -->
        <test-method status="SKIP" signature="login(java.lang.String, java.lang.String)[pri:2, instance:com.qa.Tests.PHPLoginTest@64617029]" name="login" duration-ms="0" started-at="2018-06-02T11:37:59Z" description="This TC is to  Login and verify" data-provider="getLoginCredentials" finished-at="2018-06-02T11:37:59Z">
          <exception class="java.lang.RuntimeException">
            <message>
              <![CDATA[java.lang.NullPointerException]]>
            </message>
            <full-stacktrace>
              <![CDATA[java.lang.RuntimeException: java.lang.NullPointerException
	at org.testng.internal.MethodInvocationHelper.invokeMethodNoCheckedException(MethodInvocationHelper.java:49)
	at org.testng.internal.MethodInvocationHelper.invokeDataProvider(MethodInvocationHelper.java:111)
	at org.testng.internal.Parameters.handleParameters(Parameters.java:509)
	at org.testng.internal.Invoker.handleParameters(Invoker.java:1293)
	at org.testng.internal.Invoker.createParameters(Invoker.java:1020)
	at org.testng.internal.Invoker.invokeTestMethods(Invoker.java:1110)
	at org.testng.internal.TestMethodWorker.invokeTestMethods(TestMethodWorker.java:129)
	at org.testng.internal.TestMethodWorker.run(TestMethodWorker.java:112)
	at java.util.concurrent.ThreadPoolExecutor.runWorker(ThreadPoolExecutor.java:1145)
	at java.util.concurrent.ThreadPoolExecutor$Worker.run(ThreadPoolExecutor.java:615)
	at java.lang.Thread.run(Thread.java:745)
Caused by: java.lang.NullPointerException
	at org.apache.poi.ss.usermodel.WorkbookFactory.create(WorkbookFactory.java:65)
	at com.qa.Utils.TestUtil.getTestData(TestUtil.java:48)
	at com.qa.Tests.PHPLoginTest.getLoginCredentials(PHPLoginTest.java:56)
	at sun.reflect.NativeMethodAccessorImpl.invoke0(Native Method)
	at sun.reflect.NativeMethodAccessorImpl.invoke(NativeMethodAccessorImpl.java:57)
	at sun.reflect.DelegatingMethodAccessorImpl.invoke(DelegatingMethodAccessorImpl.java:43)
	at java.lang.reflect.Method.invoke(Method.java:606)
	at org.testng.internal.MethodInvocationHelper.invokeMethod(MethodInvocationHelper.java:104)
	at org.testng.internal.MethodInvocationHelper.invokeMethod(MethodInvocationHelper.java:55)
	at org.testng.internal.MethodInvocationHelper.invokeMethodNoCheckedException(MethodInvocationHelper.java:45)
	... 10 more
]]>
            </full-stacktrace>
          </exception> <!-- java.lang.RuntimeException -->
          <reporter-output>
          </reporter-output>
        </test-method> <!-- login -->
      </class> <!-- com.qa.Tests.PHPLoginTest -->
    </test> <!-- Test -->
  </suite> <!-- My suite -->
</testng-results>
