<?xml version="1.0" encoding="UTF-8"?>
<testng-results skipped="0" failed="0" ignored="0" total="2" passed="2">
  <reporter-output>
    <line>
      <![CDATA[CDwindow-EB77DAB35004A7C3353D81DF2494EC40]]>
    </line>
    <line>
      <![CDATA[CDwindow-C609484D1851E337F0A8381677FE375F]]>
    </line>
    <line>
      <![CDATA[CDwindow-C609484D1851E337F0A8381677FE375F]]>
    </line>
  </reporter-output>
  <suite name="My suite" duration-ms="23311" started-at="2018-05-26T13:44:21Z" finished-at="2018-05-26T13:44:45Z">
    <groups>
    </groups>
    <test name="Test" duration-ms="23311" started-at="2018-05-26T13:44:21Z" finished-at="2018-05-26T13:44:45Z">
      <class name="com.qa.Tests.PHPLoginTest">
        <test-method status="PASS" signature="setUp()[pri:0, instance:com.qa.Tests.PHPLoginTest@390ac73b]" name="setUp" is-config="true" duration-ms="8279" started-at="2018-05-26T19:14:21Z" finished-at="2018-05-26T19:14:30Z">
          <reporter-output>
          </reporter-output>
        </test-method> <!-- setUp -->
        <test-method status="PASS" signature="ForgotPassword()[pri:1, instance:com.qa.Tests.PHPLoginTest@390ac73b]" name="ForgotPassword" duration-ms="1289" started-at="2018-05-26T19:14:30Z" description="This TC is to  Forgot Password" finished-at="2018-05-26T19:14:31Z">
          <reporter-output>
          </reporter-output>
        </test-method> <!-- ForgotPassword -->
        <test-method status="PASS" signature="WindUp()[pri:0, instance:com.qa.Tests.PHPLoginTest@390ac73b]" name="WindUp" is-config="true" duration-ms="1393" started-at="2018-05-26T19:14:31Z" finished-at="2018-05-26T19:14:32Z">
          <reporter-output>
            <line>
              <![CDATA[CDwindow-EB77DAB35004A7C3353D81DF2494EC40]]>
            </line>
          </reporter-output>
        </test-method> <!-- WindUp -->
        <test-method status="PASS" signature="setUp()[pri:0, instance:com.qa.Tests.PHPLoginTest@390ac73b]" name="setUp" is-config="true" duration-ms="7861" started-at="2018-05-26T19:14:33Z" finished-at="2018-05-26T19:14:41Z">
          <reporter-output>
          </reporter-output>
        </test-method> <!-- setUp -->
        <test-method status="PASS" signature="login(java.lang.String, java.lang.String)[pri:2, instance:com.qa.Tests.PHPLoginTest@390ac73b]" name="login" duration-ms="2432" started-at="2018-05-26T19:14:41Z" description="This TC is to  Login and verify" data-provider="getLoginCredentials" finished-at="2018-05-26T19:14:43Z">
          <params>
            <param index="0">
              <value>
                <![CDATA[jimmyjoy23782@gmail.com]]>
              </value>
            </param>
            <param index="1">
              <value>
                <![CDATA[Oct@2015]]>
              </value>
            </param>
          </params>
          <reporter-output>
            <line>
              <![CDATA[CDwindow-C609484D1851E337F0A8381677FE375F]]>
            </line>
          </reporter-output>
        </test-method> <!-- login -->
        <test-method status="PASS" signature="WindUp()[pri:0, instance:com.qa.Tests.PHPLoginTest@390ac73b]" name="WindUp" is-config="true" duration-ms="1359" started-at="2018-05-26T19:14:43Z" finished-at="2018-05-26T19:14:45Z">
          <reporter-output>
            <line>
              <![CDATA[CDwindow-C609484D1851E337F0A8381677FE375F]]>
            </line>
          </reporter-output>
        </test-method> <!-- WindUp -->
      </class> <!-- com.qa.Tests.PHPLoginTest -->
    </test> <!-- Test -->
  </suite> <!-- My suite -->
</testng-results>
